--------------------------------------------------------------------------------
Release 14.7 Trace  (nt64)
Copyright (c) 1995-2013 Xilinx, Inc.  All rights reserved.

D:\DANESHGAH\term6\FPGA\ISEXilinx\14.7\ISE_DS\ISE\bin\nt64\unwrapped\trce.exe
-intstyle ise -v 3 -s 3 -n 3 -fastpaths -xml complexMultiplier.twx
complexMultiplier.ncd -o complexMultiplier.twr complexMultiplier.pcf

Design file:              complexMultiplier.ncd
Physical constraint file: complexMultiplier.pcf
Device,package,speed:     xc6slx45,csg324,C,-3 (PRODUCTION 1.23 2013-10-13)
Report level:             verbose report

Environment Variable      Effect 
--------------------      ------ 
NONE                      No environment variables were set
--------------------------------------------------------------------------------

INFO:Timing:2698 - No timing constraints found, doing default enumeration.
INFO:Timing:3412 - To improve timing, see the Timing Closure User Guide (UG612).
INFO:Timing:2752 - To get complete path coverage, use the unconstrained paths 
   option. All paths that are not constrained will be reported in the 
   unconstrained paths section(s) of the report.
INFO:Timing:3339 - The clock-to-out numbers in this timing report are based on 
   a 50 Ohm transmission line loading model.  For the details of this model, 
   and for more information on accounting for different loading conditions, 
   please see the device datasheet.



Data Sheet report:
-----------------
All values displayed in nanoseconds (ns)

Setup/Hold to clock clk
--------------------+------------+------------+------------+------------+------------------+--------+
                    |Max Setup to|  Process   |Max Hold to |  Process   |                  | Clock  |
Source              | clk (edge) |   Corner   | clk (edge) |   Corner   |Internal Clock(s) | Phase  |
--------------------+------------+------------+------------+------------+------------------+--------+
InputMultiplier1<0> |    4.469(R)|      SLOW  |   -1.010(R)|      SLOW  |clk_BUFGP         |   0.000|
InputMultiplier1<1> |    4.134(R)|      SLOW  |   -0.877(R)|      SLOW  |clk_BUFGP         |   0.000|
InputMultiplier1<2> |    4.119(R)|      SLOW  |   -0.678(R)|      SLOW  |clk_BUFGP         |   0.000|
InputMultiplier1<3> |    4.233(R)|      SLOW  |   -0.808(R)|      SLOW  |clk_BUFGP         |   0.000|
InputMultiplier1<4> |    4.024(R)|      SLOW  |   -0.867(R)|      SLOW  |clk_BUFGP         |   0.000|
InputMultiplier1<5> |    3.999(R)|      SLOW  |   -0.750(R)|      SLOW  |clk_BUFGP         |   0.000|
InputMultiplier1<6> |    4.223(R)|      SLOW  |   -0.794(R)|      SLOW  |clk_BUFGP         |   0.000|
InputMultiplier1<7> |    4.020(R)|      SLOW  |   -0.761(R)|      SLOW  |clk_BUFGP         |   0.000|
InputMultiplier1<8> |    4.403(R)|      SLOW  |   -0.388(R)|      SLOW  |clk_BUFGP         |   0.000|
InputMultiplier1<9> |    3.808(R)|      SLOW  |   -0.501(R)|      SLOW  |clk_BUFGP         |   0.000|
InputMultiplier1<10>|    3.923(R)|      SLOW  |   -0.285(R)|      SLOW  |clk_BUFGP         |   0.000|
InputMultiplier1<11>|    3.831(R)|      SLOW  |   -0.196(R)|      SLOW  |clk_BUFGP         |   0.000|
InputMultiplier1<12>|    3.703(R)|      SLOW  |   -0.216(R)|      SLOW  |clk_BUFGP         |   0.000|
InputMultiplier1<13>|    4.019(R)|      SLOW  |   -0.376(R)|      SLOW  |clk_BUFGP         |   0.000|
InputMultiplier1<14>|    3.951(R)|      SLOW  |   -0.178(R)|      SLOW  |clk_BUFGP         |   0.000|
InputMultiplier1<15>|    3.761(R)|      SLOW  |    0.018(R)|      SLOW  |clk_BUFGP         |   0.000|
InputMultiplier2<0> |    3.616(R)|      SLOW  |    0.017(R)|      SLOW  |clk_BUFGP         |   0.000|
InputMultiplier2<1> |    3.636(R)|      SLOW  |    0.080(R)|      SLOW  |clk_BUFGP         |   0.000|
InputMultiplier2<2> |    3.706(R)|      SLOW  |   -0.209(R)|      SLOW  |clk_BUFGP         |   0.000|
InputMultiplier2<3> |    3.493(R)|      SLOW  |    0.018(R)|      SLOW  |clk_BUFGP         |   0.000|
InputMultiplier2<4> |    3.557(R)|      SLOW  |   -0.043(R)|      SLOW  |clk_BUFGP         |   0.000|
InputMultiplier2<5> |    4.134(R)|      SLOW  |   -0.276(R)|      SLOW  |clk_BUFGP         |   0.000|
InputMultiplier2<6> |    3.511(R)|      SLOW  |    0.152(R)|      SLOW  |clk_BUFGP         |   0.000|
InputMultiplier2<7> |    3.573(R)|      SLOW  |   -0.056(R)|      SLOW  |clk_BUFGP         |   0.000|
InputMultiplier2<8> |    3.564(R)|      SLOW  |   -0.224(R)|      SLOW  |clk_BUFGP         |   0.000|
InputMultiplier2<9> |    3.627(R)|      SLOW  |   -0.308(R)|      SLOW  |clk_BUFGP         |   0.000|
InputMultiplier2<10>|    3.507(R)|      SLOW  |   -0.151(R)|      SLOW  |clk_BUFGP         |   0.000|
InputMultiplier2<11>|    3.269(R)|      SLOW  |   -0.398(R)|      SLOW  |clk_BUFGP         |   0.000|
InputMultiplier2<12>|    3.705(R)|      SLOW  |   -0.267(R)|      SLOW  |clk_BUFGP         |   0.000|
InputMultiplier2<13>|    3.338(R)|      SLOW  |   -0.440(R)|      SLOW  |clk_BUFGP         |   0.000|
InputMultiplier2<14>|    3.541(R)|      SLOW  |   -0.323(R)|      SLOW  |clk_BUFGP         |   0.000|
InputMultiplier2<15>|    3.521(R)|      SLOW  |   -0.442(R)|      SLOW  |clk_BUFGP         |   0.000|
reset               |    3.871(R)|      SLOW  |   -0.611(R)|      SLOW  |clk_BUFGP         |   0.000|
--------------------+------------+------------+------------+------------+------------------+--------+

Clock clk to Pad
------------------------+-----------------+------------+-----------------+------------+------------------+--------+
                        |Max (slowest) clk|  Process   |Min (fastest) clk|  Process   |                  | Clock  |
Destination             |  (edge) to PAD  |   Corner   |  (edge) to PAD  |   Corner   |Internal Clock(s) | Phase  |
------------------------+-----------------+------------+-----------------+------------+------------------+--------+
MultiplicationResult<0> |         8.903(R)|      SLOW  |         5.024(R)|      FAST  |clk_BUFGP         |   0.000|
MultiplicationResult<1> |         8.736(R)|      SLOW  |         4.895(R)|      FAST  |clk_BUFGP         |   0.000|
MultiplicationResult<2> |         8.965(R)|      SLOW  |         5.088(R)|      FAST  |clk_BUFGP         |   0.000|
MultiplicationResult<3> |         8.965(R)|      SLOW  |         5.088(R)|      FAST  |clk_BUFGP         |   0.000|
MultiplicationResult<4> |         8.715(R)|      SLOW  |         4.841(R)|      FAST  |clk_BUFGP         |   0.000|
MultiplicationResult<5> |         8.715(R)|      SLOW  |         4.841(R)|      FAST  |clk_BUFGP         |   0.000|
MultiplicationResult<6> |         8.441(R)|      SLOW  |         4.633(R)|      FAST  |clk_BUFGP         |   0.000|
MultiplicationResult<7> |         8.445(R)|      SLOW  |         4.635(R)|      FAST  |clk_BUFGP         |   0.000|
MultiplicationResult<8> |         8.190(R)|      SLOW  |         4.520(R)|      FAST  |clk_BUFGP         |   0.000|
MultiplicationResult<9> |         8.441(R)|      SLOW  |         4.653(R)|      FAST  |clk_BUFGP         |   0.000|
MultiplicationResult<10>|         8.292(R)|      SLOW  |         4.630(R)|      FAST  |clk_BUFGP         |   0.000|
MultiplicationResult<11>|         8.317(R)|      SLOW  |         4.658(R)|      FAST  |clk_BUFGP         |   0.000|
MultiplicationResult<12>|         8.411(R)|      SLOW  |         4.670(R)|      FAST  |clk_BUFGP         |   0.000|
MultiplicationResult<13>|         8.182(R)|      SLOW  |         4.535(R)|      FAST  |clk_BUFGP         |   0.000|
MultiplicationResult<14>|         8.474(R)|      SLOW  |         4.736(R)|      FAST  |clk_BUFGP         |   0.000|
MultiplicationResult<15>|         8.474(R)|      SLOW  |         4.736(R)|      FAST  |clk_BUFGP         |   0.000|
MultiplicationResult<16>|         8.072(R)|      SLOW  |         4.474(R)|      FAST  |clk_BUFGP         |   0.000|
MultiplicationResult<17>|         8.072(R)|      SLOW  |         4.474(R)|      FAST  |clk_BUFGP         |   0.000|
MultiplicationResult<18>|         8.091(R)|      SLOW  |         4.416(R)|      FAST  |clk_BUFGP         |   0.000|
MultiplicationResult<19>|         7.875(R)|      SLOW  |         4.287(R)|      FAST  |clk_BUFGP         |   0.000|
MultiplicationResult<20>|         8.074(R)|      SLOW  |         4.447(R)|      FAST  |clk_BUFGP         |   0.000|
MultiplicationResult<21>|         8.138(R)|      SLOW  |         4.481(R)|      FAST  |clk_BUFGP         |   0.000|
MultiplicationResult<22>|         7.736(R)|      SLOW  |         4.194(R)|      FAST  |clk_BUFGP         |   0.000|
MultiplicationResult<23>|         7.747(R)|      SLOW  |         4.187(R)|      FAST  |clk_BUFGP         |   0.000|
MultiplicationResult<24>|         7.874(R)|      SLOW  |         4.319(R)|      FAST  |clk_BUFGP         |   0.000|
MultiplicationResult<25>|         7.874(R)|      SLOW  |         4.319(R)|      FAST  |clk_BUFGP         |   0.000|
MultiplicationResult<26>|         7.759(R)|      SLOW  |         4.237(R)|      FAST  |clk_BUFGP         |   0.000|
MultiplicationResult<27>|         7.759(R)|      SLOW  |         4.237(R)|      FAST  |clk_BUFGP         |   0.000|
MultiplicationResult<28>|         7.881(R)|      SLOW  |         4.298(R)|      FAST  |clk_BUFGP         |   0.000|
MultiplicationResult<29>|         7.881(R)|      SLOW  |         4.298(R)|      FAST  |clk_BUFGP         |   0.000|
MultiplicationResult<30>|         7.691(R)|      SLOW  |         4.136(R)|      FAST  |clk_BUFGP         |   0.000|
MultiplicationResult<31>|         7.691(R)|      SLOW  |         4.136(R)|      FAST  |clk_BUFGP         |   0.000|
------------------------+-----------------+------------+-----------------+------------+------------------+--------+

Clock to Setup on destination clock clk
---------------+---------+---------+---------+---------+
               | Src:Rise| Src:Fall| Src:Rise| Src:Fall|
Source Clock   |Dest:Rise|Dest:Rise|Dest:Fall|Dest:Fall|
---------------+---------+---------+---------+---------+
clk            |    5.449|         |         |         |
---------------+---------+---------+---------+---------+


Analysis completed Fri May 03 22:18:40 2024 
--------------------------------------------------------------------------------

Trace Settings:
-------------------------
Trace Settings 

Peak Memory Usage: 4634 MB



