ISim log file
Running: D:\DANESHGAH\term6\FPGA\Lab assignments\LAB 4_8\lab 4\LAB4_PART3_IPCORE\tb_ALU_isim_beh.exe -intstyle ise -gui -tclbatch isim.cmd -wdb D:/DANESHGAH/term6/FPGA/Lab assignments/LAB 4_8/lab 4/LAB4_PART3_IPCORE/tb_ALU_isim_beh.wdb 
ISim P.20131013 (signature 0x7708f090)
This is a Full version of ISim.
WARNING: File "D:/DANESHGAH/term6/FPGA/Lab assignments/LAB 4_8/lab 4/LAB4_PART3_IPCORE/ALU.v" Line 41.  For instance my_ALU/my_MultAdd2/, width 48 of formal port c is not equal to width 33 of actual signal p1.
WARNING: File "D:/DANESHGAH/term6/FPGA/Lab assignments/LAB 4_8/lab 4/LAB4_PART3_IPCORE/ALU.v" Line 43.  For instance my_ALU/my_MultAdd3/, width 48 of formal port c is not equal to width 34 of actual signal p2.
Time resolution is 1 ps
# onerror resume
# wave add /
# run 1000 ns
Simulator is doing circuit initialization process.
Finished circuit initialization process.
Time =                10000 | result =            x
Time =                30000 | result =            0
Time =                50000 | result =            0
Time =                70000 | result =            0
Time =                90000 | result =            0
Time =               110000 | result =            0
Time =               130000 | result =            0
Time =               150000 | result =            0
Time =               170000 | result =            1
Time =               190000 | result =            1
Time =               210000 | result =            1
Time =               230000 | result =            x
Time =               250000 | result =            x
Time =               270000 | result =            x
Time =               290000 | result =   4294901760
Time =               310000 | result =   4294901760
Time =               330000 | result =   4294901760
Time =               350000 | result =   4294901760
Time =               370000 | result =   4294901760
Time =               390000 | result =   4294901760
Time =               410000 | result =   4294901760
Time =               430000 | result =            X
Time =               450000 | result =            X
Time =               470000 | result =            X
Time =               490000 | result =            X
Time =               510000 | result =            X
Time =               530000 | result =            X
Time =               550000 | result =            X
Time =               570000 | result =            X
Time =               590000 | result =            X
Time =               610000 | result =            X
Time =               630000 | result =            X
Time =               650000 | result =            X
Time =               670000 | result =            X
Time =               690000 | result =            X
Time =               710000 | result =            X
Time =               730000 | result =            X
Time =               750000 | result =            X
Time =               770000 | result =            X
Time =               790000 | result =            X
Time =               810000 | result =            X
Time =               830000 | result =            X
Time =               850000 | result =            X
Time =               870000 | result =            X
Time =               890000 | result =            X
Time =               910000 | result =            X
Time =               930000 | result =         1797
Time =               950000 | result =         1797
Time =               970000 | result =         1797
Time =               990000 | result =         1797
# run 1.00us
Time =              1010000 | result =         1797
Time =              1030000 | result =         1797
Time =              1050000 | result =         1797
Time =              1070000 | result =         1797
Time =              1090000 | result =         1797
Time =              1110000 | result =         1797
Time =              1130000 | result =         1797
Time =              1150000 | result =         1797
Time =              1170000 | result =         1797
Time =              1190000 | result =         3588
Time =              1210000 | result =         3588
Time =              1230000 | result =         3588
Time =              1250000 | result =         3588
Time =              1270000 | result =         3588
Time =              1290000 | result =         3588
Time =              1310000 | result =         3588
Time =              1330000 | result =         3588
Time =              1350000 | result =         3588
Time =              1370000 | result =         5376
Time =              1390000 | result =         5376
Time =              1410000 | result =         5376
Time =              1430000 | result =         5376
Time =              1450000 | result =         5376
Time =              1470000 | result =         5376
Time =              1490000 | result =         5376
Time =              1510000 | result =         5376
Time =              1530000 | result =         5376
Time =              1550000 | result =         5376
Time =              1570000 | result =         5376
Time =              1590000 | result =         5376
Time =              1610000 | result =         5376
Time =              1630000 | result =         5376
Time =              1650000 | result =         5376
Time =              1670000 | result =         5376
Time =              1690000 | result =         5376
Time =              1710000 | result =         5376
Time =              1730000 | result =         5376
Time =              1750000 | result =         5376
Time =              1770000 | result =         5376
Time =              1790000 | result =         5376
Time =              1810000 | result =         5376
Time =              1830000 | result =         5376
Time =              1850000 | result =         5376
Time =              1870000 | result =         5376
Time =              1890000 | result =         5376
Time =              1910000 | result =         5376
Time =              1930000 | result =         5376
Time =              1950000 | result =         5376
Time =              1970000 | result =         5376
Time =              1990000 | result =         5376
# run 1.00us
Time =              2010000 | result =         5376
Time =              2030000 | result =         5376
Time =              2050000 | result =         5376
Time =              2070000 | result =         5376
Time =              2090000 | result =         5376
Time =              2110000 | result =         5376
Time =              2130000 | result =         5376
Time =              2150000 | result =         5376
Time =              2170000 | result =         5376
Time =              2190000 | result =         5376
Time =              2210000 | result =         5376
Time =              2230000 | result =         5376
Time =              2250000 | result =         5376
Time =              2270000 | result =         5376
Time =              2290000 | result =         5376
Time =              2310000 | result =         5376
Time =              2330000 | result =         5376
Time =              2350000 | result =         5376
Time =              2370000 | result =         5376
Time =              2390000 | result =         5376
Time =              2410000 | result =         5376
Time =              2430000 | result =         5376
Time =              2450000 | result =         5376
Time =              2470000 | result =         5376
Time =              2490000 | result =         5376
Time =              2510000 | result =         5376
Time =              2530000 | result =         5376
Time =              2550000 | result =         5376
Time =              2570000 | result =         5376
Time =              2590000 | result =         5376
Time =              2610000 | result =         5376
Time =              2630000 | result =         5376
Time =              2650000 | result =         5376
Time =              2670000 | result =         5376
Time =              2690000 | result =         5376
Time =              2710000 | result =         5376
Time =              2730000 | result =         5376
Time =              2750000 | result =         5376
Time =              2770000 | result =         5376
Time =              2790000 | result =         5376
Time =              2810000 | result =         5376
Time =              2830000 | result =         5376
Time =              2850000 | result =         5376
Time =              2870000 | result =         5376
Time =              2890000 | result =         5376
Time =              2910000 | result =         5376
Time =              2930000 | result =         5376
Time =              2950000 | result =         5376
Time =              2970000 | result =         5376
Time =              2990000 | result =         5376
