#-----------------------------------------------------------
# Vivado v2017.4 (64-bit)
# SW Build 2086221 on Fri Dec 15 20:55:39 MST 2017
# IP Build 2085800 on Fri Dec 15 22:25:07 MST 2017
# Start of session at: Tue May 21 11:12:53 2024
# Process ID: 7508
# Current directory: C:/Users/kazza/Documents/FPGA/Lab/5/3/Dr_Moghim_template
# Command line: vivado.exe -gui_launcher_event rodinguilauncherevent8676 C:\Users\kazza\Documents\FPGA\Lab\5\3\Dr_Moghim_template\bram_test.xpr
# Log file: C:/Users/kazza/Documents/FPGA/Lab/5/3/Dr_Moghim_template/vivado.log
# Journal file: C:/Users/kazza/Documents/FPGA/Lab/5/3/Dr_Moghim_template\vivado.jou
#-----------------------------------------------------------
start_gui
open_project C:/Users/kazza/Documents/FPGA/Lab/5/3/Dr_Moghim_template/bram_test.xpr
Scanning sources...
Finished scanning sources
INFO: [IP_Flow 19-234] Refreshing IP repositories
INFO: [IP_Flow 19-1700] Loaded user IP repository 'c:/Users/kazza/Documents/FPGA/Lab/5/3/Dr_Moghim_template/ip_repo'.
INFO: [IP_Flow 19-2313] Loaded Vivado IP repository 'C:/Xilinx/Vivado/2017.4/data/ip'.
open_project: Time (s): cpu = 00:00:23 ; elapsed = 00:00:15 . Memory (MB): peak = 891.285 ; gain = 149.039
update_compile_order -fileset sources_1
exit
INFO: [Common 17-206] Exiting Vivado at Tue May 21 11:23:26 2024...
5/3/Dr_Moghim_template/bram_test.srcs/sources_1/bd/design_1/design_1.bd> 
create_bd_design: Time (s): cpu = 00:00:06 ; elapsed = 00:00:06 . Memory (MB): peak = 1023.754 ; gain = 124.113
update_compile_order -fileset sources_1
open_bd_design {C:/Users/kazza/Documents/FPGA/Lab/5/3/Dr_Moghim_template/bram_test.srcs/sources_1/bd/design_1/design_1.bd}
open_bd_design {C:/Users/kazza/Documents/FPGA/Lab/5/3/Dr_Moghim_template/bram_test.srcs/sources_1/bd/top/top.bd}
Adding cell -- xilinx.com:ip:axi_bram_ctrl:4.0 - axi_bram_ctrl_0
Adding cell -- xilinx.com:ip:axi_gpio:2.0 - axi_gpio_0
Adding cell -- xilinx.com:ip:smartconnect:1.0 - axi_smc
Adding cell -- xilinx.com:ip:blk_mem_gen:8.4 - blk_mem_gen_0
Adding cell -- xilinx.com:user:pl_ram_ctrl:2.0 - pl_ram_ctrl_0
Adding cell -- xilinx.com:ip:processing_system7:5.5 - processing_system7_0
Adding cell -- xilinx.com:ip:proc_sys_reset:5.0 - rst_ps7_0_50M
Successfully read diagram <top> from BD file <C:/Users/kazza/Documents/FPGA/Lab/5/3/Dr_Moghim_template/bram_test.srcs/sources_1/bd/top/top.bd>
ipx::edit_ip_in_project -upgrade true -name pl_ram_ctrl_v2_0_project -directory C:/Users/kazza/Documents/FPGA/Lab/5/3/Dr_Moghim_template/bram_test.tmp/pl_ram_ctrl_v2_0_project c:/Users/kazza/Documents/FPGA/Lab/5/3/Dr_Moghim_template/ip_repo/pl_ram_ctrl_2.0/component.xml
INFO: [ProjectBase 1-489] The host OS only allows 260 characters in a normal path. The project is stored in a path with more than 80 characters. If you experience issues with IP, Block Designs, or files not being found, please consider moving the project to a location with a shorter path. Alternately consider using the OS subst command to map part of the path to a drive letter.
Current project path is 'c:/users/kazza/documents/fpga/lab/5/3/dr_moghim_template/bram_test.tmp/pl_ram_ctrl_v2_0_project'
INFO: [IP_Flow 19-234] Refreshing IP repositories
INFO: [IP_Flow 19-1704] No user IP repositories specified
INFO: [IP_Flow 19-2313] Loaded Vivado IP repository 'C:/Xilinx/Vivado/2017.4/data/ip'.
INFO: [IP_Flow 19-234] Refreshing IP repositories
INFO: [IP_Flow 19-1700] Loaded user IP repository 'c:/Users/kazza/Documents/FPGA/Lab/5/3/Dr_Moghim_template/ip_repo'.
INFO: [IP_Flow 19-795] Syncing license key meta-data
update_compile_order -fileset sources_1
current_project bram_test
close_project
exit
INFO: [Common 17-206] Exiting Vivado at Tue May 21 11:23:46 2024...
