    ____  ____
   /   /\/   /
  /___/  \  /    VENDOR      : Xilinx Inc.
  \   \   \/     VERSION     : 14.7 (P.20131013)
   \   \         APPLICATION : compxlib
   /   /         CONTENTS    : Compilation Log
  /___/   /\     FILENAME    : compxlib.log
  \   \  /  \    
   \___\/\___\

Processing command line ...
ERROR:Compxlib:387 - COMPXLIB[option]: Invalid directory 'D:\DANESHGAH\term6\FPGA\MODELSIM\win64\modelsim.exe' specified for -p.
Library Source Paths => 'D:/DANESHGAH/term6/FPGA/ISEXilinx/14.7/ISE_DS/ISE'
Current Working Directory => 'D:\DANESHGAH\term6\FPGA\Lab assignments\LAB 4_8\lab 4\LAB4_part2_modelsim'
Compilation Mode = FAST
Execute Mode = ON
Scheduling library installation & compilation for architectures: all

Scheduling library installation & compilation for libraries: all

Signature:-
------------------------------------------------------------------------------
compxlib -s mti_se -64bit -p D:\DANESHGAH\term6\FPGA\MODELSIM\win64\modelsim.exe -l all -arch all -lib all -w -exclude_superseded 
------------------------------------------------------------------------------
ERROR:Compxlib - COMPXLIB[sim]: Unable to automatically find executables for simulator 'mti_se' from the following paths:
    D:\DANESHGAH\term6\FPGA\ISEXilinx\14.7\ISE_DS\ISE\\lib\nt64
   D:\DANESHGAH\term6\FPGA\ISEXilinx\14.7\ISE_DS\ISE\\bin\nt64
   D:\DANESHGAH\term6\FPGA\ISEXilinx\14.7\ISE_DS\ISE\bin\nt64
   D:\DANESHGAH\term6\FPGA\ISEXilinx\14.7\ISE_DS\ISE\lib\nt64
   D:\DANESHGAH\term6\FPGA\ISEXilinx\14.7\ISE_DS\ISE\..\..\..\DocNav
   D:\DANESHGAH\term6\FPGA\ISEXilinx\14.7\ISE_DS\PlanAhead\bin
   D:\DANESHGAH\term6\FPGA\ISEXilinx\14.7\ISE_DS\EDK\bin\nt64
   D:\DANESHGAH\term6\FPGA\ISEXilinx\14.7\ISE_DS\EDK\lib\nt64
   D:\DANESHGAH\term6\FPGA\ISEXilinx\14.7\ISE_DS\EDK\gnu\microblaze\nt\bin
   D:\DANESHGAH\term6\FPGA\ISEXilinx\14.7\ISE_DS\EDK\gnu\powerpc-eabi\nt\bin
   D:\DANESHGAH\term6\FPGA\ISEXilinx\14.7\ISE_DS\EDK\gnuwin\bin
   D:\DANESHGAH\term6\FPGA\ISEXilinx\14.7\ISE_DS\EDK\gnu\arm\nt\bin
   D:\DANESHGAH\term6\FPGA\ISEXilinx\14.7\ISE_DS\EDK\gnu\microblaze\linux_toolchain\nt64_be\bin
   D:\DANESHGAH\term6\FPGA\ISEXilinx\14.7\ISE_DS\EDK\gnu\microblaze\linux_toolchain\nt64_le\bin
   D:\DANESHGAH\term6\FPGA\ISEXilinx\14.7\ISE_DS\common\bin\nt64
   D:\DANESHGAH\term6\FPGA\ISEXilinx\14.7\ISE_DS\common\lib\nt64
   C:\Program Files\Common Files\Oracle\Java\javapath
   C:\Windows\system32
   C:\Windows
   C:\Windows\System32\Wbem
   C:\Windows\System32\WindowsPowerShell\v1.0\
   C:\Windows\System32\OpenSSH\
   C:\Program Files\dotnet\
   C:\Program Files\Java\jdk-17.0.2\bin
   D:\MATLAB\runtime\win64
   D:\MATLAB\bin
   C:\Program Files (x86)\dotnet\
   C:\Program Files (x86)\NVIDIA Corporation\PhysX\Common
   c:\altera\90\quartus\bin
   C:\Program Files\Git\cmd
   C:\Program Files\Maven\apache-maven-3.8.6\bin
   C:\Program Files\MySQL\MySQL Server 8.0\bin
   C:\Users\Mandis Amin\AppData\Local\Microsoft\WindowsApps
   C:\Users\Mandis Amin\AppData\Local\Programs\Microsoft VS Code\bin
   C:\Program Files\JetBrains\PyCharm 2022.1.1\bin
   C:\Program Files\JetBrains\PyCharm Community Edition 2022.1.3\bin
   D:\DANESHGAH\term 6\FPGA\modelsim\win64.
Simulator 'mti_se' is ignored.
