Running: D:\DANESHGAH\term6\FPGA\ISEXilinx\14.7\ISE_DS\ISE\bin\nt64\unwrapped\fuse.exe -intstyle ise -incremental -lib unisims_ver -lib unimacro_ver -lib xilinxcorelib_ver -lib secureip -o D:/DANESHGAH/term6/FPGA/Lab assignments/LAB 4_8/lab 4/LAB4_complex_multiplier/tb_ComplexMultiplier_isim_beh.exe -prj D:/DANESHGAH/term6/FPGA/Lab assignments/LAB 4_8/lab 4/LAB4_complex_multiplier/tb_ComplexMultiplier_beh.prj work.tb_ComplexMultiplier work.glbl 
ISim P.20131013 (signature 0x7708f090)
Number of CPUs detected in this system: 4
Turning on mult-threading, number of parallel sub-compilation jobs: 8 
Determining compilation order of HDL files
Analyzing Verilog file "D:/DANESHGAH/term6/FPGA/Lab assignments/LAB 4_8/lab 4/LAB4_complex_multiplier/complexMultiplier.v" into library work
Analyzing Verilog file "D:/DANESHGAH/term6/FPGA/Lab assignments/LAB 4_8/lab 4/LAB4_complex_multiplier/tb_complexMultiplier.v" into library work
Analyzing Verilog file "D:/DANESHGAH/term6/FPGA/ISEXilinx/14.7/ISE_DS/ISE//verilog/src/glbl.v" into library work
Starting static elaboration
Completed static elaboration
Compiling module complexMultiplier
Compiling module tb_ComplexMultiplier
Compiling module glbl
Time Resolution for simulation is 1ps.
Waiting for 1 sub-compilation(s) to finish...
WARNING:Simulator - Unable to copy libPortabilityNOSH.dll to the simulation executable directory: boost::filesystem::copy_file: The system cannot find the path specified, "isim\tb_ComplexMultiplier_isim_beh.exe.sim\libPortability.dll".
Compiled 3 Verilog Units
Built simulation executable D:/DANESHGAH/term6/FPGA/Lab assignments/LAB 4_8/lab 4/LAB4_complex_multiplier/tb_ComplexMultiplier_isim_beh.exe
Fuse Memory Usage: 28880 KB
Fuse CPU Usage: 561 ms
